c:\users\matei\desktop\blockchain\blockchain\x64\debug\vc143.pdb
c:\users\matei\desktop\blockchain\blockchain\x64\debug\vc143.idb
c:\users\matei\desktop\blockchain\blockchain\x64\debug\utils.obj
c:\users\matei\desktop\blockchain\blockchain\x64\debug\transaction.obj
c:\users\matei\desktop\blockchain\blockchain\x64\debug\thread.obj
c:\users\matei\desktop\blockchain\blockchain\x64\debug\safemath.obj
c:\users\matei\desktop\blockchain\blockchain\x64\debug\revert.obj
c:\users\matei\desktop\blockchain\blockchain\x64\debug\main.obj
c:\users\matei\desktop\blockchain\blockchain\x64\debug\keccak256.obj
c:\users\matei\desktop\blockchain\blockchain\x64\debug\constants.obj
c:\users\matei\desktop\blockchain\blockchain\x64\debug\account.obj
c:\users\matei\desktop\blockchain\blockchain\x64\debug\threadfns.obj
c:\users\matei\desktop\blockchain\blockchain\x64\debug\block.obj
c:\users\matei\desktop\blockchain\x64\debug\blockchain.exe
c:\users\matei\desktop\blockchain\x64\debug\blockchain.pdb
c:\users\matei\desktop\blockchain\blockchain\x64\debug\blockchain.ilk
c:\users\matei\desktop\blockchain\blockchain\x64\debug\blockchain.tlog\cl.command.1.tlog
c:\users\matei\desktop\blockchain\blockchain\x64\debug\blockchain.tlog\cl.items.tlog
c:\users\matei\desktop\blockchain\blockchain\x64\debug\blockchain.tlog\cl.read.1.tlog
c:\users\matei\desktop\blockchain\blockchain\x64\debug\blockchain.tlog\cl.write.1.tlog
c:\users\matei\desktop\blockchain\blockchain\x64\debug\blockchain.tlog\link.command.1.tlog
c:\users\matei\desktop\blockchain\blockchain\x64\debug\blockchain.tlog\link.read.1.tlog
c:\users\matei\desktop\blockchain\blockchain\x64\debug\blockchain.tlog\link.secondary.1.tlog
c:\users\matei\desktop\blockchain\blockchain\x64\debug\blockchain.tlog\link.write.1.tlog
